<?xml version="1.0" encoding="UTF-8"?>
<!-- Generated by org.testng.reporters.JUnitReportReporter -->
<testsuite hostname="DESKTOP-CFE4EFO" failures="0" tests="2" name="testlayer.YourOrderModule" time="6.249" errors="0" timestamp="2023-03-28T21:10:08 EDT" skipped="0">
  <testcase classname="testlayer.YourOrderModule" name="YourOrders" time="3.841"/>
  <system-out/>
  <testcase classname="testlayer.YourOrderModule" name="CancelledOrders" time="2.408"/>
  <system-out/>
</testsuite> <!-- testlayer.YourOrderModule -->
