<?xml version="1.0" encoding="UTF-8"?>
<!-- Generated by org.testng.reporters.JUnitReportReporter -->
<testsuite hostname="DESKTOP-CFE4EFO" failures="0" tests="2" name="testlayer.YourAddressModule" time="3.648" errors="0" timestamp="2023-03-28T21:10:08 EDT" skipped="0">
  <testcase classname="testlayer.YourAddressModule" name="YourAddress" time="2.293"/>
  <system-out/>
  <testcase classname="testlayer.YourAddressModule" name="AddAddress" time="1.355"/>
  <system-out/>
</testsuite> <!-- testlayer.YourAddressModule -->
