<?xml version="1.0" encoding="UTF-8"?>
<!-- Generated by org.testng.reporters.JUnitReportReporter -->
<testsuite hostname="DESKTOP-CFE4EFO" failures="1" tests="8" name="testlayer.SortingFilterationPagination" time="7.736" errors="0" timestamp="2023-03-28T21:10:08 EDT" skipped="0">
  <testcase classname="testlayer.SortingFilterationPagination" name="Search" time="1.085"/>
  <system-out/>
  <testcase classname="testlayer.SortingFilterationPagination" name="Relevant" time="2.324"/>
  <system-out/>
  <testcase classname="testlayer.SortingFilterationPagination" name="ProductInformation" time="0.148"/>
  <system-out/>
  <testcase classname="testlayer.SortingFilterationPagination" name="numofproductperpage" time="0.086">
    <failure message="expected [60] but found [1-48 of over 100,000 results for]" type="java.lang.AssertionError">
      <![CDATA[java.lang.AssertionError: expected [60] but found [1-48 of over 100,000 results for]
at org.testng.Assert.fail(Assert.java:99)
at org.testng.Assert.failNotEquals(Assert.java:1037)
at org.testng.Assert.assertEqualsImpl(Assert.java:140)
at org.testng.Assert.assertEquals(Assert.java:122)
at org.testng.Assert.assertEquals(Assert.java:629)
at org.testng.Assert.assertEquals(Assert.java:639)
at testlayer.SortingFilterationPagination.numofproductperpage(SortingFilterationPagination.java:75)
at java.base/jdk.internal.reflect.DirectMethodHandleAccessor.invoke(DirectMethodHandleAccessor.java:104)
at java.base/java.lang.reflect.Method.invoke(Method.java:578)
at org.testng.internal.MethodInvocationHelper.invokeMethod(MethodInvocationHelper.java:133)
at org.testng.internal.TestInvoker.invokeMethod(TestInvoker.java:598)
at org.testng.internal.TestInvoker.invokeTestMethod(TestInvoker.java:173)
at org.testng.internal.MethodRunner.runInSequence(MethodRunner.java:46)
at org.testng.internal.TestInvoker$MethodInvocationAgent.invoke(TestInvoker.java:824)
at org.testng.internal.TestInvoker.invokeTestMethods(TestInvoker.java:146)
at org.testng.internal.TestMethodWorker.invokeTestMethods(TestMethodWorker.java:146)
at org.testng.internal.TestMethodWorker.run(TestMethodWorker.java:128)
at java.base/java.util.ArrayList.forEach(ArrayList.java:1511)
at org.testng.TestRunner.privateRun(TestRunner.java:794)
at org.testng.TestRunner.run(TestRunner.java:596)
at org.testng.SuiteRunner.runTest(SuiteRunner.java:377)
at org.testng.SuiteRunner.runSequentially(SuiteRunner.java:371)
at org.testng.SuiteRunner.privateRun(SuiteRunner.java:332)
at org.testng.SuiteRunner.run(SuiteRunner.java:276)
at org.testng.SuiteRunnerWorker.runSuite(SuiteRunnerWorker.java:53)
at org.testng.SuiteRunnerWorker.run(SuiteRunnerWorker.java:96)
at org.testng.TestNG.runSuitesSequentially(TestNG.java:1212)
at org.testng.TestNG.runSuitesLocally(TestNG.java:1134)
at org.testng.TestNG.runSuites(TestNG.java:1063)
at org.testng.TestNG.run(TestNG.java:1031)
at org.testng.remote.AbstractRemoteTestNG.run(AbstractRemoteTestNG.java:115)
at org.testng.remote.RemoteTestNG.initAndRun(RemoteTestNG.java:251)
at org.testng.remote.RemoteTestNG.main(RemoteTestNG.java:77)
]]>
    </failure>
  </testcase> <!-- numofproductperpage -->
  <system-out/>
  <testcase classname="testlayer.SortingFilterationPagination" name="sorting" time="2.474"/>
  <system-out/>
  <testcase classname="testlayer.SortingFilterationPagination" name="filternationcustomerratting" time="1.249"/>
  <system-out/>
  <testcase classname="testlayer.SortingFilterationPagination" name="searchresultcount" time="0.361"/>
  <system-out/>
  <testcase classname="testlayer.SortingFilterationPagination" name="filterationsortingpagination" time="0.009"/>
  <system-out/>
</testsuite> <!-- testlayer.SortingFilterationPagination -->
